build/app/outputs/mapping/release/seeds.txt
com.example.oenologik.MainActivity
com.example.oenologik.MainActivity: MainActivity()
...
io.flutter.plugin.editing.ImeSyncDeferringInsetsCallback$AnimationCallback
androidx.window.layout.ExtensionInterfaceCompat$ExtensionCallbackInterface
kotlin.internal.jdk7.JDK7PlatformImplementations
androidx.window.layout.WindowLayoutInfo
androidx.savedstate.SavedStateRegistry$1
androidx.window.layout.SidecarCompat$DistinctSidecarElementCallback
androidx.core.graphics.drawable.IconCompat
androidx.window.embedding.EmbeddingInterfaceCompat
androidx.window.R$styleable: int SplitPairRule_splitRatio
androidx.window.R$attr: int splitMinSmallestWidth
androidx.window.R$styleable: int[] SplitPairRule
androidx.window.layout.WindowInfoTracker$Companion: androidx.window.layout.WindowInfoTracker$Companion $$INSTANCE
androidx.window.layout.WindowInfoTrackerImpl$windowLayoutInfo$1: java.lang.Object L$2
androidx.window.R$styleable: int SplitPairFilter_primaryActivityName
androidx.window.core.Version: androidx.window.core.Version VERSION_1_0
androidx.window.embedding.ExtensionEmbeddingBackend$SplitListenerWrapper: java.util.concurrent.Executor executor
androidx.window.embedding.ActivityFilter: java.lang.String intentAction
io.flutter.view.AccessibilityViewEmbedder: int nextFlutterId
androidx.window.layout.DisplayCompatHelperApi28: androidx.window.layout.DisplayCompatHelperApi28 INSTANCE
androidx.window.embedding.SplitPairFilter: java.lang.String secondaryActivityIntentAction
kotlinx.coroutines.scheduling.WorkQueue: int consumerIndex
io.flutter.embedding.android.FlutterSplashView$SavedState: java.lang.String previousCompletedSplashIsolate
androidx.window.R$styleable: int[] SplitPairFilter
kotlinx.coroutines.android.AndroidExceptionPreHandler: java.lang.Object _preHandler
androidx.window.embedding.ExtensionEmbeddingBackend: java.lang.String TAG
kotlin.coroutines.jvm.internal.ContinuationImpl: kotlin.coroutines.CoroutineContext _context
androidx.window.embedding.SplitRule: int minSmallestWidth
androidx.window.R$id: int ltr
androidx.window.embedding.EmbeddingCompat: java.lang.String TAG
androidx.window.layout.ActivityCompatHelperApi24: androidx.window.layout.ActivityCompatHelperApi24 INSTANCE
androidx.window.layout.SidecarWindowBackend$ExtensionListenerImpl: androidx.window.layout.SidecarWindowBackend this$0
androidx.window.embedding.ExtensionEmbeddingBackend$EmbeddingCallbackImpl: java.util.List lastInfo
androidx.window.layout.WindowMetricsCalculatorCompat: java.lang.String TAG
androidx.window.layout.SidecarCompat$DistinctElementCallback: androidx.window.layout.ExtensionInterfaceCompat$ExtensionCallbackInterface callbackInterface
androidx.window.layout.WindowInfoTrackerImpl$windowLayoutInfo$1: int label
io.flutter.embedding.engine.FlutterOverlaySurface: android.view.Surface surface
androidx.window.layout.SidecarWindowBackend$WindowLayoutChangeCallbackWrapper: java.util.concurrent.Executor executor
io.flutter.view.AccessibilityViewEmbedder: io.flutter.view.AccessibilityViewEmbedder$ReflectionAccessors reflectionAccessors
kotlinx.coroutines.scheduling.CoroutineScheduler: int _isTerminated
kotlinx.coroutines.scheduling.WorkQueue: int blockingTasksInBuffer
androidx.window.R$styleable: int SplitPlaceholderRule_splitRatio
kotlin.coroutines.jvm.internal.SuspendLambda: int arity
kotlinx.coroutines.internal.LockFreeLinkedListNode: java.lang.Object _next
kotlinx.coroutines.InvokeOnCancelling: int _invoked
androidx.window.core.Version: kotlin.Lazy bigInteger$delegate
io.flutter.embedding.engine.FlutterJNI: boolean loadLibraryCalled
androidx.window.core.Bounds: int right
io.flutter.plugin.platform.SingleViewPresentation: io.flutter.plugin.platform.SingleViewPresentation$AccessibilityDelegatingFrameLayout rootView
androidx.window.R$styleable: int SplitPairRule_finishPrimaryWithSecondary
kotlinx.coroutines.internal.LockFreeTaskQueueCore: long _state
androidx.window.layout.ExtensionsWindowLayoutInfoAdapter: androidx.window.layout.ExtensionsWindowLayoutInfoAdapter INSTANCE