build/app/outputs/mapping/release/usage.txt
com.example.oenologik.BuildConfig
com.example.oenologik.R$attr
com.example.oenologik.R$color
com.example.oenologik.R$dimen
com.example.oenologik.R$drawable
com.example.oenologik.R$id
com.example.oenologik.R$integer
com.example.oenologik.R$layout
com.example.oenologik.R$mipmap
com.example.oenologik.R$string
com.example.oenologik.R$style
com.example.oenologik.R$styleable
com.example.oenologik.R
...
kotlinx.coroutines.flow.FlowKt__BuildersKt$asFlow$$inlined$unsafeFlow$8$1
kotlinx.coroutines.flow.FlowKt__BuildersKt$asFlow$$inlined$unsafeFlow$8
kotlinx.coroutines.flow.FlowKt__BuildersKt$asFlow$$inlined$unsafeFlow$9$1
kotlinx.coroutines.flow.FlowKt__BuildersKt$asFlow$$inlined$unsafeFlow$9
kotlinx.coroutines.flow.FlowKt__BuildersKt$flowOf$$inlined$unsafeFlow$1$1
kotlinx.coroutines.flow.FlowKt__BuildersKt$flowOf$$inlined$unsafeFlow$1
kotlinx.coroutines.flow.FlowKt__BuildersKt$flowOf$$inlined$unsafeFlow$2
kotlinx.coroutines.flow.FlowKt__BuildersKt$flowViaChannel$1
kotlinx.coroutines.flow.FlowKt__BuildersKt:
    public static final kotlinx.coroutines.flow.Flow asFlow(java.lang.Iterable)
    public static final kotlinx.coroutines.flow.Flow asFlow(java.util.Iterator)
    public static final kotlinx.coroutines.flow.Flow asFlow(kotlin.jvm.functions.Function0)
    public static final kotlinx.coroutines.flow.Flow asFlow(kotlin.jvm.functions.Function1)
    public static final kotlinx.coroutines.flow.Flow asFlow(kotlin.ranges.IntRange)
    public static final kotlinx.coroutines.flow.Flow asFlow(kotlin.ranges.LongRange)
    public static final kotlinx.coroutines.flow.Flow asFlow(kotlin.sequences.Sequence)
    public static final kotlinx.coroutines.flow.Flow asFlow(int[])
    public static final kotlinx.coroutines.flow.Flow asFlow(long[])
    public static final kotlinx.coroutines.flow.Flow asFlow(java.lang.Object[])
    public static final kotlinx.coroutines.flow.Flow callbackFlow(kotlin.jvm.functions.Function2)
    public static final kotlinx.coroutines.flow.Flow channelFlow(kotlin.jvm.functions.Function2)
    public static final kotlinx.coroutines.flow.Flow emptyFlow()
    public static final kotlinx.coroutines.flow.Flow flowOf(java.lang.Object)
    public static final varargs kotlinx.coroutines.flow.Flow flowOf(java.lang.Object[])
    public static final kotlinx.coroutines.flow.Flow flowViaChannel(int,kotlin.jvm.functions.Function2)
kotlinx.coroutines.flow.FlowKt__ChannelsKt$WhenMappings
kotlinx.coroutines.flow.FlowKt__ChannelsKt$asFlow$$inlined$unsafeFlow$1
kotlinx.coroutines.flow.FlowKt__ChannelsKt$broadcastIn$1$invokeSuspend$$inlined$collect$1
kotlinx.coroutines.flow.FlowKt__ChannelsKt$broadcastIn$1
kotlinx.coroutines.flow.FlowKt__ChannelsKt$emitAllImpl$1
kotlinx.coroutines.flow.FlowKt__ChannelsKt
kotlinx.coroutines.flow.FlowKt__CollectKt$collect$3$emit$1
kotlinx.coroutines.flow.FlowKt__CollectKt$collect$3
kotlinx.coroutines.flow.FlowKt__CollectKt$collectIndexed$2$emit$1
kotlinx.coroutines.flow.FlowKt__CollectKt$collectIndexed$2
kotlinx.coroutines.flow.FlowKt__CollectKt$launchIn$1
kotlinx.coroutines.flow.FlowKt__CollectKt
kotlinx.coroutines.flow.FlowKt__CollectionKt$toCollection$$inlined$collect$1
kotlinx.coroutines.flow.FlowKt__CollectionKt$toCollection$1
kotlinx.coroutines.flow.FlowKt__CollectionKt
kotlinx.coroutines.flow.FlowKt__ContextKt$flowWith$$inlined$unsafeFlow$1
kotlinx.coroutines.flow.FlowKt__ContextKt$flowWith$lambda-3$$inlined$collect$1
kotlinx.coroutines.flow.FlowKt__ContextKt
kotlinx.coroutines.flow.FlowKt__CountKt$count$$inlined$collect$1
kotlinx.coroutines.flow.FlowKt__CountKt$count$$inlined$collect$2$1
kotlinx.coroutines.flow.FlowKt__CountKt$count$$inlined$collect$2
kotlinx.coroutines.flow.FlowKt__CountKt$count$1
kotlinx.coroutines.flow.FlowKt__CountKt$count$3
kotlinx.coroutines.flow.FlowKt__CountKt
kotlinx.coroutines.flow.FlowKt__DelayKt$debounce$2
kotlinx.coroutines.flow.FlowKt__DelayKt$debounce$3
kotlinx.coroutines.flow.FlowKt__DelayKt$debounceInternal$1$3$1
kotlinx.coroutines.flow.FlowKt__DelayKt$debounceInternal$1$3$2
kotlinx.coroutines.flow.FlowKt__DelayKt$debounceInternal$1$values$1$invokeSuspend$$inlined$collect$1
kotlinx.coroutines.flow.FlowKt__DelayKt$debounceInternal$1$values$1
kotlinx.coroutines.flow.FlowKt__DelayKt$debounceInternal$1
kotlinx.coroutines.flow.FlowKt__DelayKt$fixedPeriodTicker$3